<?xml version="1.0" encoding="UTF-8"?>
<coverage generated="1704947048447" clover="3.2.0">
  <project timestamp="1704947048447" name="All files">
    <metrics statements="145" coveredstatements="127" conditionals="40" coveredconditionals="28" methods="23" coveredmethods="20" elements="208" coveredelements="175" complexity="0" loc="145" ncloc="145" packages="7" files="16" classes="16"/>
    <package name="controllers">
      <metrics statements="27" coveredstatements="27" conditionals="13" coveredconditionals="9" methods="10" coveredmethods="10"/>
      <file name="auth.ts" path="/home/dev/intelnexo/pdf-sign/src/controllers/auth.ts">
        <metrics statements="14" coveredstatements="14" conditionals="10" coveredconditionals="6" methods="4" coveredmethods="4"/>
        <line num="1" count="3" type="stmt"/>
        <line num="10" count="3" type="stmt"/>
        <line num="12" count="2" type="stmt"/>
        <line num="15" count="2" type="stmt"/>
        <line num="23" count="3" type="stmt"/>
        <line num="25" count="2" type="cond" truecount="3" falsecount="1"/>
        <line num="26" count="2" type="cond" truecount="0" falsecount="1"/>
        <line num="28" count="2" type="stmt"/>
        <line num="31" count="2" type="stmt"/>
        <line num="39" count="3" type="stmt"/>
        <line num="41" count="1" type="cond" truecount="3" falsecount="1"/>
        <line num="42" count="1" type="cond" truecount="0" falsecount="1"/>
        <line num="44" count="1" type="stmt"/>
        <line num="45" count="1" type="stmt"/>
      </file>
      <file name="pdf.ts" path="/home/dev/intelnexo/pdf-sign/src/controllers/pdf.ts">
        <metrics statements="13" coveredstatements="13" conditionals="3" coveredconditionals="3" methods="6" coveredmethods="6"/>
        <line num="1" count="2" type="stmt"/>
        <line num="11" count="3" type="stmt"/>
        <line num="12" count="3" type="cond" truecount="3" falsecount="0"/>
        <line num="14" count="1" type="stmt"/>
        <line num="16" count="1" type="stmt"/>
        <line num="18" count="1" type="stmt"/>
        <line num="30" count="2" type="stmt"/>
        <line num="34" count="2" type="stmt"/>
        <line num="36" count="2" type="stmt"/>
        <line num="38" count="2" type="stmt"/>
        <line num="48" count="2" type="stmt"/>
        <line num="55" count="2" type="stmt"/>
        <line num="58" count="2" type="stmt"/>
      </file>
    </package>
    <package name="middlewares">
      <metrics statements="30" coveredstatements="30" conditionals="12" coveredconditionals="11" methods="4" coveredmethods="3"/>
      <file name="errors.ts" path="/home/dev/intelnexo/pdf-sign/src/middlewares/errors.ts">
        <metrics statements="7" coveredstatements="7" conditionals="8" coveredconditionals="7" methods="1" coveredmethods="1"/>
        <line num="2" count="2" type="stmt"/>
        <line num="13" count="2" type="stmt"/>
        <line num="15" count="4" type="cond" truecount="3" falsecount="1"/>
        <line num="18" count="4" type="stmt"/>
        <line num="21" count="4" type="stmt"/>
        <line num="28" count="4" type="cond" truecount="4" falsecount="0"/>
        <line num="30" count="4" type="stmt"/>
      </file>
      <file name="jwt.ts" path="/home/dev/intelnexo/pdf-sign/src/middlewares/jwt.ts">
        <metrics statements="12" coveredstatements="12" conditionals="3" coveredconditionals="3" methods="1" coveredmethods="1"/>
        <line num="2" count="2" type="stmt"/>
        <line num="3" count="2" type="stmt"/>
        <line num="11" count="2" type="stmt"/>
        <line num="13" count="4" type="stmt"/>
        <line num="16" count="4" type="cond" truecount="3" falsecount="0"/>
        <line num="17" count="2" type="stmt"/>
        <line num="21" count="2" type="stmt"/>
        <line num="23" count="2" type="stmt"/>
        <line num="25" count="2" type="stmt"/>
        <line num="27" count="1" type="stmt"/>
        <line num="29" count="1" type="stmt"/>
        <line num="34" count="1" type="stmt"/>
      </file>
      <file name="request.ts" path="/home/dev/intelnexo/pdf-sign/src/middlewares/request.ts">
        <metrics statements="8" coveredstatements="8" conditionals="1" coveredconditionals="1" methods="2" coveredmethods="1"/>
        <line num="2" count="2" type="stmt"/>
        <line num="3" count="2" type="stmt"/>
        <line num="14" count="2" type="stmt"/>
        <line num="15" count="2" type="stmt"/>
        <line num="17" count="2" type="cond" truecount="1" falsecount="0"/>
        <line num="18" count="1" type="stmt"/>
        <line num="19" count="1" type="stmt"/>
        <line num="20" count="1" type="stmt"/>
      </file>
      <file name="upload.ts" path="/home/dev/intelnexo/pdf-sign/src/middlewares/upload.ts">
        <metrics statements="3" coveredstatements="3" conditionals="0" coveredconditionals="0" methods="0" coveredmethods="0"/>
        <line num="1" count="2" type="stmt"/>
        <line num="6" count="2" type="stmt"/>
        <line num="11" count="2" type="stmt"/>
      </file>
    </package>
    <package name="routes">
      <metrics statements="47" coveredstatements="29" conditionals="7" coveredconditionals="0" methods="5" coveredmethods="3"/>
      <file name="auth.ts" path="/home/dev/intelnexo/pdf-sign/src/routes/auth.ts">
        <metrics statements="14" coveredstatements="13" conditionals="0" coveredconditionals="0" methods="2" coveredmethods="2"/>
        <line num="1" count="1" type="stmt"/>
        <line num="2" count="1" type="stmt"/>
        <line num="3" count="1" type="stmt"/>
        <line num="4" count="1" type="stmt"/>
        <line num="6" count="1" type="stmt"/>
        <line num="59" count="1" type="stmt"/>
        <line num="60" count="1" type="stmt"/>
        <line num="62" count="1" type="stmt"/>
        <line num="65" count="1" type="stmt"/>
        <line num="68" count="1" type="stmt"/>
        <line num="71" count="1" type="stmt"/>
        <line num="74" count="1" type="stmt"/>
        <line num="76" count="0" type="stmt"/>
        <line num="138" count="1" type="stmt"/>
      </file>
      <file name="pdf.ts" path="/home/dev/intelnexo/pdf-sign/src/routes/pdf.ts">
        <metrics statements="26" coveredstatements="9" conditionals="7" coveredconditionals="0" methods="2" coveredmethods="0"/>
        <line num="1" count="1" type="stmt"/>
        <line num="2" count="1" type="stmt"/>
        <line num="3" count="1" type="stmt"/>
        <line num="4" count="1" type="stmt"/>
        <line num="5" count="1" type="stmt"/>
        <line num="6" count="1" type="stmt"/>
        <line num="8" count="1" type="stmt"/>
        <line num="50" count="1" type="stmt"/>
        <line num="53" count="0" type="stmt"/>
        <line num="54" count="0" type="stmt"/>
        <line num="56" count="0" type="stmt"/>
        <line num="59" count="0" type="stmt"/>
        <line num="62" count="0" type="cond" truecount="0" falsecount="2"/>
        <line num="63" count="0" type="cond" truecount="0" falsecount="2"/>
        <line num="64" count="0" type="stmt"/>
        <line num="67" count="0" type="cond" truecount="0" falsecount="3"/>
        <line num="68" count="0" type="stmt"/>
        <line num="72" count="0" type="stmt"/>
        <line num="73" count="0" type="stmt"/>
        <line num="76" count="0" type="stmt"/>
        <line num="79" count="0" type="stmt"/>
        <line num="80" count="0" type="stmt"/>
        <line num="81" count="0" type="stmt"/>
        <line num="84" count="0" type="stmt"/>
        <line num="87" count="0" type="stmt"/>
        <line num="91" count="1" type="stmt"/>
      </file>
      <file name="root.ts" path="/home/dev/intelnexo/pdf-sign/src/routes/root.ts">
        <metrics statements="7" coveredstatements="7" conditionals="0" coveredconditionals="0" methods="1" coveredmethods="1"/>
        <line num="1" count="1" type="stmt"/>
        <line num="2" count="1" type="stmt"/>
        <line num="4" count="1" type="stmt"/>
        <line num="34" count="1" type="stmt"/>
        <line num="35" count="1" type="stmt"/>
        <line num="36" count="1" type="stmt"/>
        <line num="40" count="1" type="stmt"/>
      </file>
    </package>
    <package name="utils.config">
      <metrics statements="27" coveredstatements="27" conditionals="0" coveredconditionals="0" methods="0" coveredmethods="0"/>
      <file name="server.ts" path="/home/dev/intelnexo/pdf-sign/src/utils/config/server.ts">
        <metrics statements="23" coveredstatements="23" conditionals="0" coveredconditionals="0" methods="0" coveredmethods="0"/>
        <line num="1" count="1" type="stmt"/>
        <line num="2" count="1" type="stmt"/>
        <line num="3" count="1" type="stmt"/>
        <line num="4" count="1" type="stmt"/>
        <line num="5" count="1" type="stmt"/>
        <line num="6" count="1" type="stmt"/>
        <line num="7" count="1" type="stmt"/>
        <line num="8" count="1" type="stmt"/>
        <line num="9" count="1" type="stmt"/>
        <line num="10" count="1" type="stmt"/>
        <line num="11" count="1" type="stmt"/>
        <line num="13" count="1" type="stmt"/>
        <line num="15" count="1" type="stmt"/>
        <line num="17" count="1" type="stmt"/>
        <line num="18" count="1" type="stmt"/>
        <line num="19" count="1" type="stmt"/>
        <line num="21" count="1" type="stmt"/>
        <line num="24" count="1" type="stmt"/>
        <line num="27" count="1" type="stmt"/>
        <line num="28" count="1" type="stmt"/>
        <line num="31" count="1" type="stmt"/>
        <line num="34" count="1" type="stmt"/>
        <line num="36" count="1" type="stmt"/>
      </file>
      <file name="swagger.ts" path="/home/dev/intelnexo/pdf-sign/src/utils/config/swagger.ts">
        <metrics statements="4" coveredstatements="4" conditionals="0" coveredconditionals="0" methods="0" coveredmethods="0"/>
        <line num="1" count="2" type="stmt"/>
        <line num="3" count="2" type="stmt"/>
        <line num="26" count="2" type="stmt"/>
        <line num="29" count="2" type="stmt"/>
      </file>
    </package>
    <package name="utils.errors">
      <metrics statements="6" coveredstatements="6" conditionals="0" coveredconditionals="0" methods="2" coveredmethods="2"/>
      <file name="ErrorClass.ts" path="/home/dev/intelnexo/pdf-sign/src/utils/errors/ErrorClass.ts">
        <metrics statements="6" coveredstatements="6" conditionals="0" coveredconditionals="0" methods="2" coveredmethods="2"/>
        <line num="4" count="4" type="stmt"/>
        <line num="6" count="7" type="stmt"/>
        <line num="7" count="7" type="stmt"/>
        <line num="14" count="4" type="stmt"/>
        <line num="16" count="1" type="stmt"/>
        <line num="17" count="1" type="stmt"/>
      </file>
    </package>
    <package name="utils.wrappers">
      <metrics statements="2" coveredstatements="2" conditionals="8" coveredconditionals="8" methods="2" coveredmethods="2"/>
      <file name="errors.ts" path="/home/dev/intelnexo/pdf-sign/src/utils/wrappers/errors.ts">
        <metrics statements="1" coveredstatements="1" conditionals="2" coveredconditionals="2" methods="1" coveredmethods="1"/>
        <line num="8" count="10" type="cond" truecount="2" falsecount="0"/>
      </file>
      <file name="response.ts" path="/home/dev/intelnexo/pdf-sign/src/utils/wrappers/response.ts">
        <metrics statements="1" coveredstatements="1" conditionals="6" coveredconditionals="6" methods="1" coveredmethods="1"/>
        <line num="8" count="4" type="cond" truecount="2" falsecount="0"/>
      </file>
    </package>
    <package name="validations">
      <metrics statements="6" coveredstatements="6" conditionals="0" coveredconditionals="0" methods="0" coveredmethods="0"/>
      <file name="auth.ts" path="/home/dev/intelnexo/pdf-sign/src/validations/auth.ts">
        <metrics statements="3" coveredstatements="3" conditionals="0" coveredconditionals="0" methods="0" coveredmethods="0"/>
        <line num="1" count="2" type="stmt"/>
        <line num="2" count="2" type="stmt"/>
        <line num="7" count="2" type="stmt"/>
      </file>
      <file name="pdf.ts" path="/home/dev/intelnexo/pdf-sign/src/validations/pdf.ts">
        <metrics statements="3" coveredstatements="3" conditionals="0" coveredconditionals="0" methods="0" coveredmethods="0"/>
        <line num="1" count="2" type="stmt"/>
        <line num="2" count="2" type="stmt"/>
        <line num="7" count="2" type="stmt"/>
      </file>
    </package>
  </project>
</coverage>
