{"/home/dev/intelnexo/pdf-sign/src/controllers/auth.ts": {"path":"/home/dev/intelnexo/pdf-sign/src/controllers/auth.ts","statementMap":{"0":{"start":{"line":1,"column":0},"end":{"line":1,"column":31}},"1":{"start":{"line":10,"column":28},"end":{"line":16,"column":2}},"2":{"start":{"line":10,"column":102},"end":{"line":16,"column":2}},"3":{"start":{"line":12,"column":19},"end":{"line":12,"column":30}},"4":{"start":{"line":15,"column":4},"end":{"line":15,"column":22}},"5":{"start":{"line":10,"column":13},"end":{"line":10,"column":28}},"6":{"start":{"line":23,"column":29},"end":{"line":32,"column":1}},"7":{"start":{"line":25,"column":22},"end":{"line":25,"column":56}},"8":{"start":{"line":26,"column":4},"end":{"line":26,"column":71}},"9":{"start":{"line":26,"column":20},"end":{"line":26,"column":71}},"10":{"start":{"line":28,"column":18},"end":{"line":30,"column":6}},"11":{"start":{"line":31,"column":4},"end":{"line":31,"column":17}},"12":{"start":{"line":23,"column":13},"end":{"line":23,"column":29}},"13":{"start":{"line":39,"column":27},"end":{"line":46,"column":1}},"14":{"start":{"line":41,"column":22},"end":{"line":41,"column":56}},"15":{"start":{"line":42,"column":4},"end":{"line":42,"column":71}},"16":{"start":{"line":42,"column":20},"end":{"line":42,"column":71}},"17":{"start":{"line":44,"column":20},"end":{"line":44,"column":48}},"18":{"start":{"line":45,"column":4},"end":{"line":45,"column":19}},"19":{"start":{"line":39,"column":13},"end":{"line":39,"column":27}}},"fnMap":{"0":{"name":"(anonymous_8)","decl":{"start":{"line":10,"column":28},"end":{"line":10,"column":35}},"loc":{"start":{"line":10,"column":102},"end":{"line":16,"column":2}}},"1":{"name":"(anonymous_9)","decl":{"start":{"line":10,"column":102},"end":{"line":10,"column":null}},"loc":{"start":{"line":10,"column":102},"end":{"line":16,"column":1}}},"2":{"name":"(anonymous_10)","decl":{"start":{"line":23,"column":29},"end":{"line":23,"column":30}},"loc":{"start":{"line":23,"column":56},"end":{"line":32,"column":1}}},"3":{"name":"(anonymous_11)","decl":{"start":{"line":39,"column":27},"end":{"line":39,"column":28}},"loc":{"start":{"line":39,"column":62},"end":{"line":46,"column":1}}}},"branchMap":{"0":{"loc":{"start":{"line":25,"column":22},"end":{"line":25,"column":56}},"type":"cond-expr","locations":[{"start":{"line":25,"column":44},"end":{"line":25,"column":48}},{"start":{"line":25,"column":48},"end":{"line":25,"column":56}}]},"1":{"loc":{"start":{"line":25,"column":22},"end":{"line":25,"column":48}},"type":"binary-expr","locations":[{"start":{"line":25,"column":22},"end":{"line":25,"column":48}},{"start":{"line":25,"column":44},"end":{"line":25,"column":48}}]},"2":{"loc":{"start":{"line":26,"column":4},"end":{"line":26,"column":71}},"type":"if","locations":[{"start":{"line":26,"column":4},"end":{"line":26,"column":71}}]},"3":{"loc":{"start":{"line":41,"column":22},"end":{"line":41,"column":56}},"type":"cond-expr","locations":[{"start":{"line":41,"column":44},"end":{"line":41,"column":48}},{"start":{"line":41,"column":48},"end":{"line":41,"column":56}}]},"4":{"loc":{"start":{"line":41,"column":22},"end":{"line":41,"column":48}},"type":"binary-expr","locations":[{"start":{"line":41,"column":22},"end":{"line":41,"column":48}},{"start":{"line":41,"column":44},"end":{"line":41,"column":48}}]},"5":{"loc":{"start":{"line":42,"column":4},"end":{"line":42,"column":71}},"type":"if","locations":[{"start":{"line":42,"column":4},"end":{"line":42,"column":71}}]}},"s":{"0":3,"1":3,"2":2,"3":2,"4":2,"5":3,"6":3,"7":2,"8":2,"9":0,"10":2,"11":2,"12":3,"13":3,"14":1,"15":1,"16":0,"17":1,"18":1,"19":3},"f":{"0":2,"1":2,"2":2,"3":1},"b":{"0":[2,0],"1":[2,2],"2":[0],"3":[1,0],"4":[1,1],"5":[0]}}
,"/home/dev/intelnexo/pdf-sign/src/controllers/pdf.ts": {"path":"/home/dev/intelnexo/pdf-sign/src/controllers/pdf.ts","statementMap":{"0":{"start":{"line":1,"column":0},"end":{"line":1,"column":39}},"1":{"start":{"line":11,"column":23},"end":{"line":20,"column":2}},"2":{"start":{"line":11,"column":128},"end":{"line":20,"column":2}},"3":{"start":{"line":12,"column":4},"end":{"line":19,"column":5}},"4":{"start":{"line":14,"column":12},"end":{"line":14,"column":64}},"5":{"start":{"line":16,"column":12},"end":{"line":16,"column":64}},"6":{"start":{"line":18,"column":12},"end":{"line":18,"column":60}},"7":{"start":{"line":11,"column":13},"end":{"line":11,"column":23}},"8":{"start":{"line":30,"column":27},"end":{"line":39,"column":2}},"9":{"start":{"line":34,"column":21},"end":{"line":39,"column":2}},"10":{"start":{"line":36,"column":19},"end":{"line":36,"column":32}},"11":{"start":{"line":38,"column":4},"end":{"line":38,"column":72}},"12":{"start":{"line":30,"column":13},"end":{"line":30,"column":27}},"13":{"start":{"line":48,"column":27},"end":{"line":59,"column":2}},"14":{"start":{"line":55,"column":21},"end":{"line":59,"column":2}},"15":{"start":{"line":58,"column":4},"end":{"line":58,"column":51}},"16":{"start":{"line":48,"column":13},"end":{"line":48,"column":27}}},"fnMap":{"0":{"name":"(anonymous_7)","decl":{"start":{"line":11,"column":23},"end":{"line":11,"column":30}},"loc":{"start":{"line":11,"column":128},"end":{"line":20,"column":2}}},"1":{"name":"(anonymous_8)","decl":{"start":{"line":11,"column":128},"end":{"line":11,"column":null}},"loc":{"start":{"line":11,"column":128},"end":{"line":20,"column":1}}},"2":{"name":"(anonymous_9)","decl":{"start":{"line":30,"column":27},"end":{"line":30,"column":null}},"loc":{"start":{"line":34,"column":21},"end":{"line":39,"column":2}}},"3":{"name":"(anonymous_10)","decl":{"start":{"line":34,"column":21},"end":{"line":34,"column":null}},"loc":{"start":{"line":34,"column":21},"end":{"line":39,"column":1}}},"4":{"name":"(anonymous_11)","decl":{"start":{"line":48,"column":27},"end":{"line":48,"column":null}},"loc":{"start":{"line":55,"column":21},"end":{"line":59,"column":2}}},"5":{"name":"(anonymous_12)","decl":{"start":{"line":55,"column":21},"end":{"line":55,"column":null}},"loc":{"start":{"line":55,"column":21},"end":{"line":59,"column":1}}}},"branchMap":{"0":{"loc":{"start":{"line":12,"column":4},"end":{"line":19,"column":5}},"type":"switch","locations":[{"start":{"line":13,"column":8},"end":{"line":14,"column":64}},{"start":{"line":15,"column":8},"end":{"line":16,"column":64}},{"start":{"line":17,"column":8},"end":{"line":18,"column":60}}]}},"s":{"0":2,"1":2,"2":3,"3":3,"4":1,"5":1,"6":1,"7":2,"8":2,"9":2,"10":2,"11":2,"12":2,"13":2,"14":2,"15":2,"16":2},"f":{"0":3,"1":3,"2":2,"3":2,"4":2,"5":2},"b":{"0":[1,1,1]}}
,"/home/dev/intelnexo/pdf-sign/src/middlewares/errors.ts": {"path":"/home/dev/intelnexo/pdf-sign/src/middlewares/errors.ts","statementMap":{"0":{"start":{"line":2,"column":0},"end":{"line":2,"column":64}},"1":{"start":{"line":13,"column":28},"end":{"line":31,"column":1}},"2":{"start":{"line":15,"column":20},"end":{"line":15,"column":64}},"3":{"start":{"line":18,"column":22},"end":{"line":18,"column":46}},"4":{"start":{"line":21,"column":48},"end":{"line":25,"column":6}},"5":{"start":{"line":28,"column":23},"end":{"line":28,"column":59}},"6":{"start":{"line":30,"column":4},"end":{"line":30,"column":93}},"7":{"start":{"line":13,"column":13},"end":{"line":13,"column":28}}},"fnMap":{"0":{"name":"(anonymous_0)","decl":{"start":{"line":13,"column":28},"end":{"line":13,"column":29}},"loc":{"start":{"line":13,"column":92},"end":{"line":31,"column":1}}}},"branchMap":{"0":{"loc":{"start":{"line":15,"column":20},"end":{"line":15,"column":64}},"type":"cond-expr","locations":[{"start":{"line":15,"column":31},"end":{"line":15,"column":35}},{"start":{"line":15,"column":35},"end":{"line":15,"column":64}}]},"1":{"loc":{"start":{"line":15,"column":20},"end":{"line":15,"column":35}},"type":"binary-expr","locations":[{"start":{"line":15,"column":20},"end":{"line":15,"column":35}},{"start":{"line":15,"column":31},"end":{"line":15,"column":35}}]},"2":{"loc":{"start":{"line":28,"column":23},"end":{"line":28,"column":59}},"type":"cond-expr","locations":[{"start":{"line":28,"column":41},"end":{"line":28,"column":45}},{"start":{"line":28,"column":45},"end":{"line":28,"column":59}}]},"3":{"loc":{"start":{"line":28,"column":23},"end":{"line":28,"column":45}},"type":"binary-expr","locations":[{"start":{"line":28,"column":23},"end":{"line":28,"column":45}},{"start":{"line":28,"column":41},"end":{"line":28,"column":45}}]}},"s":{"0":2,"1":2,"2":4,"3":4,"4":4,"5":4,"6":4,"7":2},"f":{"0":4},"b":{"0":[4,0],"1":[4,4],"2":[3,1],"3":[4,4]}}
,"/home/dev/intelnexo/pdf-sign/src/middlewares/jwt.ts": {"path":"/home/dev/intelnexo/pdf-sign/src/middlewares/jwt.ts","statementMap":{"0":{"start":{"line":2,"column":0},"end":{"line":2,"column":50}},"1":{"start":{"line":3,"column":0},"end":{"line":3,"column":64}},"2":{"start":{"line":11,"column":29},"end":{"line":35,"column":1}},"3":{"start":{"line":13,"column":26},"end":{"line":13,"column":51}},"4":{"start":{"line":16,"column":4},"end":{"line":18,"column":5}},"5":{"start":{"line":17,"column":8},"end":{"line":17,"column":102}},"6":{"start":{"line":21,"column":18},"end":{"line":21,"column":45}},"7":{"start":{"line":23,"column":4},"end":{"line":30,"column":5}},"8":{"start":{"line":25,"column":24},"end":{"line":25,"column":42}},"9":{"start":{"line":27,"column":9},"end":{"line":27,"column":55}},"10":{"start":{"line":29,"column":8},"end":{"line":29,"column":99}},"11":{"start":{"line":34,"column":4},"end":{"line":34,"column":11}},"12":{"start":{"line":11,"column":13},"end":{"line":11,"column":29}}},"fnMap":{"0":{"name":"(anonymous_0)","decl":{"start":{"line":11,"column":29},"end":{"line":11,"column":30}},"loc":{"start":{"line":11,"column":81},"end":{"line":35,"column":1}}}},"branchMap":{"0":{"loc":{"start":{"line":16,"column":4},"end":{"line":18,"column":5}},"type":"if","locations":[{"start":{"line":16,"column":4},"end":{"line":18,"column":5}}]},"1":{"loc":{"start":{"line":16,"column":8},"end":{"line":16,"column":62}},"type":"binary-expr","locations":[{"start":{"line":16,"column":8},"end":{"line":16,"column":22}},{"start":{"line":16,"column":26},"end":{"line":16,"column":62}}]}},"s":{"0":2,"1":2,"2":2,"3":4,"4":4,"5":2,"6":2,"7":2,"8":2,"9":1,"10":1,"11":1,"12":2},"f":{"0":4},"b":{"0":[2],"1":[4,2]}}
,"/home/dev/intelnexo/pdf-sign/src/middlewares/request.ts": {"path":"/home/dev/intelnexo/pdf-sign/src/middlewares/request.ts","statementMap":{"0":{"start":{"line":2,"column":0},"end":{"line":2,"column":38}},"1":{"start":{"line":3,"column":0},"end":{"line":3,"column":64}},"2":{"start":{"line":14,"column":33},"end":{"line":22,"column":1}},"3":{"start":{"line":15,"column":23},"end":{"line":15,"column":26}},"4":{"start":{"line":17,"column":4},"end":{"line":21,"column":5}},"5":{"start":{"line":18,"column":24},"end":{"line":18,"column":85}},"6":{"start":{"line":18,"column":60},"end":{"line":18,"column":73}},"7":{"start":{"line":19,"column":26},"end":{"line":19,"column":81}},"8":{"start":{"line":20,"column":8},"end":{"line":20,"column":97}},"9":{"start":{"line":14,"column":13},"end":{"line":14,"column":33}}},"fnMap":{"0":{"name":"(anonymous_0)","decl":{"start":{"line":14,"column":33},"end":{"line":14,"column":34}},"loc":{"start":{"line":14,"column":97},"end":{"line":22,"column":1}}},"1":{"name":"(anonymous_1)","decl":{"start":{"line":18,"column":49},"end":{"line":18,"column":50}},"loc":{"start":{"line":18,"column":60},"end":{"line":18,"column":73}}}},"branchMap":{"0":{"loc":{"start":{"line":17,"column":4},"end":{"line":21,"column":5}},"type":"if","locations":[{"start":{"line":17,"column":4},"end":{"line":21,"column":5}}]}},"s":{"0":2,"1":2,"2":2,"3":2,"4":2,"5":1,"6":0,"7":1,"8":1,"9":2},"f":{"0":2,"1":0},"b":{"0":[1]}}
,"/home/dev/intelnexo/pdf-sign/src/middlewares/upload.ts": {"path":"/home/dev/intelnexo/pdf-sign/src/middlewares/upload.ts","statementMap":{"0":{"start":{"line":1,"column":0},"end":{"line":1,"column":28}},"1":{"start":{"line":6,"column":16},"end":{"line":6,"column":38}},"2":{"start":{"line":11,"column":13},"end":{"line":11,"column":51}}},"fnMap":{},"branchMap":{},"s":{"0":2,"1":2,"2":2},"f":{},"b":{}}
,"/home/dev/intelnexo/pdf-sign/src/routes/auth.ts": {"path":"/home/dev/intelnexo/pdf-sign/src/routes/auth.ts","statementMap":{"0":{"start":{"line":1,"column":0},"end":{"line":1,"column":66}},"1":{"start":{"line":2,"column":0},"end":{"line":2,"column":66}},"2":{"start":{"line":3,"column":0},"end":{"line":3,"column":61}},"3":{"start":{"line":4,"column":0},"end":{"line":4,"column":60}},"4":{"start":{"line":6,"column":15},"end":{"line":6,"column":23}},"5":{"start":{"line":59,"column":0},"end":{"line":78,"column":3}},"6":{"start":{"line":59,"column":80},"end":{"line":78,"column":2}},"7":{"start":{"line":60,"column":4},"end":{"line":77,"column":5}},"8":{"start":{"line":62,"column":8},"end":{"line":62,"column":61}},"9":{"start":{"line":65,"column":39},"end":{"line":65,"column":47}},"10":{"start":{"line":68,"column":27},"end":{"line":68,"column":65}},"11":{"start":{"line":71,"column":22},"end":{"line":71,"column":43}},"12":{"start":{"line":74,"column":8},"end":{"line":74,"column":57}},"13":{"start":{"line":76,"column":8},"end":{"line":76,"column":20}},"14":{"start":{"line":138,"column":0},"end":{"line":138,"column":22}}},"fnMap":{"0":{"name":"(anonymous_7)","decl":{"start":{"line":59,"column":22},"end":{"line":59,"column":29}},"loc":{"start":{"line":59,"column":80},"end":{"line":78,"column":2}}},"1":{"name":"(anonymous_8)","decl":{"start":{"line":59,"column":80},"end":{"line":59,"column":null}},"loc":{"start":{"line":59,"column":80},"end":{"line":78,"column":1}}}},"branchMap":{},"s":{"0":1,"1":1,"2":1,"3":1,"4":1,"5":1,"6":1,"7":1,"8":1,"9":1,"10":1,"11":1,"12":1,"13":0,"14":1},"f":{"0":1,"1":1},"b":{}}
,"/home/dev/intelnexo/pdf-sign/src/routes/pdf.ts": {"path":"/home/dev/intelnexo/pdf-sign/src/routes/pdf.ts","statementMap":{"0":{"start":{"line":1,"column":0},"end":{"line":1,"column":66}},"1":{"start":{"line":2,"column":0},"end":{"line":2,"column":47}},"2":{"start":{"line":3,"column":0},"end":{"line":3,"column":61}},"3":{"start":{"line":4,"column":0},"end":{"line":4,"column":45}},"4":{"start":{"line":5,"column":0},"end":{"line":5,"column":61}},"5":{"start":{"line":6,"column":0},"end":{"line":6,"column":51}},"6":{"start":{"line":8,"column":15},"end":{"line":8,"column":23}},"7":{"start":{"line":50,"column":0},"end":{"line":89,"column":3}},"8":{"start":{"line":53,"column":77},"end":{"line":89,"column":2}},"9":{"start":{"line":54,"column":4},"end":{"line":88,"column":5}},"10":{"start":{"line":56,"column":8},"end":{"line":56,"column":63}},"11":{"start":{"line":59,"column":22},"end":{"line":59,"column":81}},"12":{"start":{"line":62,"column":24},"end":{"line":62,"column":55}},"13":{"start":{"line":63,"column":32},"end":{"line":63,"column":79}},"14":{"start":{"line":64,"column":46},"end":{"line":64,"column":54}},"15":{"start":{"line":67,"column":8},"end":{"line":69,"column":9}},"16":{"start":{"line":68,"column":12},"end":{"line":68,"column":83}},"17":{"start":{"line":72,"column":26},"end":{"line":72,"column":40}},"18":{"start":{"line":73,"column":34},"end":{"line":73,"column":56}},"19":{"start":{"line":76,"column":26},"end":{"line":76,"column":96}},"20":{"start":{"line":79,"column":8},"end":{"line":79,"column":57}},"21":{"start":{"line":80,"column":8},"end":{"line":80,"column":80}},"22":{"start":{"line":81,"column":8},"end":{"line":81,"column":58}},"23":{"start":{"line":84,"column":8},"end":{"line":84,"column":28}},"24":{"start":{"line":87,"column":8},"end":{"line":87,"column":20}},"25":{"start":{"line":91,"column":0},"end":{"line":91,"column":22}}},"fnMap":{"0":{"name":"(anonymous_7)","decl":{"start":{"line":53,"column":19},"end":{"line":53,"column":26}},"loc":{"start":{"line":53,"column":77},"end":{"line":89,"column":2}}},"1":{"name":"(anonymous_8)","decl":{"start":{"line":53,"column":77},"end":{"line":53,"column":null}},"loc":{"start":{"line":53,"column":77},"end":{"line":89,"column":1}}}},"branchMap":{"0":{"loc":{"start":{"line":62,"column":24},"end":{"line":62,"column":55}},"type":"cond-expr","locations":[{"start":{"line":62,"column":36},"end":{"line":62,"column":48}},{"start":{"line":62,"column":51},"end":{"line":62,"column":55}}]},"1":{"loc":{"start":{"line":63,"column":32},"end":{"line":63,"column":79}},"type":"cond-expr","locations":[{"start":{"line":63,"column":52},"end":{"line":63,"column":72}},{"start":{"line":63,"column":75},"end":{"line":63,"column":79}}]},"2":{"loc":{"start":{"line":67,"column":8},"end":{"line":69,"column":9}},"type":"if","locations":[{"start":{"line":67,"column":8},"end":{"line":69,"column":9}}]},"3":{"loc":{"start":{"line":67,"column":12},"end":{"line":67,"column":40}},"type":"binary-expr","locations":[{"start":{"line":67,"column":12},"end":{"line":67,"column":20}},{"start":{"line":67,"column":24},"end":{"line":67,"column":40}}]}},"s":{"0":1,"1":1,"2":1,"3":1,"4":1,"5":1,"6":1,"7":1,"8":0,"9":0,"10":0,"11":0,"12":0,"13":0,"14":0,"15":0,"16":0,"17":0,"18":0,"19":0,"20":0,"21":0,"22":0,"23":0,"24":0,"25":1},"f":{"0":0,"1":0},"b":{"0":[0,0],"1":[0,0],"2":[0],"3":[0,0]}}
,"/home/dev/intelnexo/pdf-sign/src/routes/root.ts": {"path":"/home/dev/intelnexo/pdf-sign/src/routes/root.ts","statementMap":{"0":{"start":{"line":1,"column":0},"end":{"line":1,"column":52}},"1":{"start":{"line":2,"column":0},"end":{"line":2,"column":61}},"2":{"start":{"line":4,"column":15},"end":{"line":4,"column":23}},"3":{"start":{"line":34,"column":0},"end":{"line":37,"column":3}},"4":{"start":{"line":35,"column":20},"end":{"line":35,"column":60}},"5":{"start":{"line":36,"column":4},"end":{"line":36,"column":55}},"6":{"start":{"line":40,"column":0},"end":{"line":40,"column":22}}},"fnMap":{"0":{"name":"(anonymous_0)","decl":{"start":{"line":34,"column":16},"end":{"line":34,"column":17}},"loc":{"start":{"line":34,"column":48},"end":{"line":37,"column":1}}}},"branchMap":{},"s":{"0":1,"1":1,"2":1,"3":1,"4":1,"5":1,"6":1},"f":{"0":1},"b":{}}
,"/home/dev/intelnexo/pdf-sign/src/utils/config/server.ts": {"path":"/home/dev/intelnexo/pdf-sign/src/utils/config/server.ts","statementMap":{"0":{"start":{"line":1,"column":0},"end":{"line":1,"column":24}},"1":{"start":{"line":2,"column":0},"end":{"line":2,"column":28}},"2":{"start":{"line":3,"column":0},"end":{"line":3,"column":43}},"3":{"start":{"line":4,"column":0},"end":{"line":4,"column":28}},"4":{"start":{"line":5,"column":0},"end":{"line":5,"column":43}},"5":{"start":{"line":6,"column":0},"end":{"line":6,"column":56}},"6":{"start":{"line":7,"column":0},"end":{"line":7,"column":62}},"7":{"start":{"line":8,"column":0},"end":{"line":8,"column":43}},"8":{"start":{"line":9,"column":0},"end":{"line":9,"column":43}},"9":{"start":{"line":10,"column":0},"end":{"line":10,"column":41}},"10":{"start":{"line":11,"column":0},"end":{"line":11,"column":36}},"11":{"start":{"line":13,"column":0},"end":{"line":13,"column":16}},"12":{"start":{"line":15,"column":21},"end":{"line":15,"column":30}},"13":{"start":{"line":17,"column":0},"end":{"line":17,"column":18}},"14":{"start":{"line":18,"column":0},"end":{"line":18,"column":16}},"15":{"start":{"line":19,"column":0},"end":{"line":19,"column":24}},"16":{"start":{"line":21,"column":0},"end":{"line":21,"column":68}},"17":{"start":{"line":24,"column":0},"end":{"line":24,"column":25}},"18":{"start":{"line":27,"column":0},"end":{"line":27,"column":33}},"19":{"start":{"line":28,"column":0},"end":{"line":28,"column":31}},"20":{"start":{"line":31,"column":0},"end":{"line":31,"column":27}},"21":{"start":{"line":34,"column":0},"end":{"line":34,"column":22}},"22":{"start":{"line":36,"column":0},"end":{"line":36,"column":19}}},"fnMap":{},"branchMap":{},"s":{"0":1,"1":1,"2":1,"3":1,"4":1,"5":1,"6":1,"7":1,"8":1,"9":1,"10":1,"11":1,"12":1,"13":1,"14":1,"15":1,"16":1,"17":1,"18":1,"19":1,"20":1,"21":1,"22":1},"f":{},"b":{}}
,"/home/dev/intelnexo/pdf-sign/src/utils/config/swagger.ts": {"path":"/home/dev/intelnexo/pdf-sign/src/utils/config/swagger.ts","statementMap":{"0":{"start":{"line":1,"column":0},"end":{"line":1,"column":41}},"1":{"start":{"line":3,"column":45},"end":{"line":24,"column":2}},"2":{"start":{"line":26,"column":20},"end":{"line":26,"column":48}},"3":{"start":{"line":29,"column":0},"end":{"line":29,"column":27}}},"fnMap":{},"branchMap":{},"s":{"0":2,"1":2,"2":2,"3":2},"f":{},"b":{}}
,"/home/dev/intelnexo/pdf-sign/src/utils/errors/ErrorClass.ts": {"path":"/home/dev/intelnexo/pdf-sign/src/utils/errors/ErrorClass.ts","statementMap":{"0":{"start":{"line":6,"column":8},"end":{"line":6,"column":23}},"1":{"start":{"line":7,"column":8},"end":{"line":7,"column":38}},"2":{"start":{"line":4,"column":0},"end":{"line":4,"column":13}},"3":{"start":{"line":16,"column":8},"end":{"line":16,"column":23}},"4":{"start":{"line":17,"column":8},"end":{"line":17,"column":42}},"5":{"start":{"line":14,"column":0},"end":{"line":14,"column":13}}},"fnMap":{"0":{"name":"(anonymous_0)","decl":{"start":{"line":5,"column":4},"end":{"line":5,"column":16}},"loc":{"start":{"line":5,"column":31},"end":{"line":8,"column":5}}},"1":{"name":"(anonymous_1)","decl":{"start":{"line":15,"column":4},"end":{"line":15,"column":16}},"loc":{"start":{"line":15,"column":31},"end":{"line":18,"column":5}}}},"branchMap":{},"s":{"0":7,"1":7,"2":4,"3":1,"4":1,"5":4},"f":{"0":7,"1":1},"b":{}}
,"/home/dev/intelnexo/pdf-sign/src/utils/wrappers/errors.ts": {"path":"/home/dev/intelnexo/pdf-sign/src/utils/wrappers/errors.ts","statementMap":{"0":{"start":{"line":8,"column":36},"end":{"line":13,"column":2}},"1":{"start":{"line":8,"column":101},"end":{"line":13,"column":2}},"2":{"start":{"line":8,"column":13},"end":{"line":8,"column":36}}},"fnMap":{"0":{"name":"(anonymous_0)","decl":{"start":{"line":8,"column":36},"end":{"line":8,"column":37}},"loc":{"start":{"line":8,"column":101},"end":{"line":13,"column":2}}}},"branchMap":{"0":{"loc":{"start":{"line":8,"column":54},"end":{"line":8,"column":72}},"type":"default-arg","locations":[{"start":{"line":8,"column":69},"end":{"line":8,"column":72}}]},"1":{"loc":{"start":{"line":8,"column":74},"end":{"line":8,"column":95}},"type":"default-arg","locations":[{"start":{"line":8,"column":91},"end":{"line":8,"column":95}}]}},"s":{"0":5,"1":10,"2":5},"f":{"0":10},"b":{"0":[4],"1":[4]}}
,"/home/dev/intelnexo/pdf-sign/src/utils/wrappers/response.ts": {"path":"/home/dev/intelnexo/pdf-sign/src/utils/wrappers/response.ts","statementMap":{"0":{"start":{"line":8,"column":31},"end":{"line":13,"column":2}},"1":{"start":{"line":8,"column":75},"end":{"line":13,"column":2}},"2":{"start":{"line":8,"column":13},"end":{"line":8,"column":31}}},"fnMap":{"0":{"name":"(anonymous_0)","decl":{"start":{"line":8,"column":31},"end":{"line":8,"column":32}},"loc":{"start":{"line":8,"column":75},"end":{"line":13,"column":2}}}},"branchMap":{"0":{"loc":{"start":{"line":8,"column":43},"end":{"line":8,"column":57}},"type":"default-arg","locations":[{"start":{"line":8,"column":53},"end":{"line":8,"column":57}}]},"1":{"loc":{"start":{"line":8,"column":59},"end":{"line":8,"column":69}},"type":"default-arg","locations":[{"start":{"line":8,"column":66},"end":{"line":8,"column":69}}]},"2":{"loc":{"start":{"line":11,"column":10},"end":{"line":11,"column":36}},"type":"cond-expr","locations":[{"start":{"line":11,"column":20},"end":{"line":11,"column":24}},{"start":{"line":11,"column":27},"end":{"line":11,"column":36}}]},"3":{"loc":{"start":{"line":12,"column":15},"end":{"line":12,"column":41}},"type":"cond-expr","locations":[{"start":{"line":12,"column":25},"end":{"line":12,"column":34}},{"start":{"line":12,"column":37},"end":{"line":12,"column":41}}]}},"s":{"0":2,"1":4,"2":2},"f":{"0":4},"b":{"0":[2],"1":[2],"2":[3,1],"3":[3,1]}}
,"/home/dev/intelnexo/pdf-sign/src/validations/auth.ts": {"path":"/home/dev/intelnexo/pdf-sign/src/validations/auth.ts","statementMap":{"0":{"start":{"line":1,"column":0},"end":{"line":1,"column":22}},"1":{"start":{"line":2,"column":0},"end":{"line":2,"column":61}},"2":{"start":{"line":7,"column":13},"end":{"line":10,"column":3}}},"fnMap":{},"branchMap":{},"s":{"0":2,"1":2,"2":2},"f":{},"b":{}}
,"/home/dev/intelnexo/pdf-sign/src/validations/pdf.ts": {"path":"/home/dev/intelnexo/pdf-sign/src/validations/pdf.ts","statementMap":{"0":{"start":{"line":1,"column":0},"end":{"line":1,"column":22}},"1":{"start":{"line":2,"column":0},"end":{"line":2,"column":61}},"2":{"start":{"line":7,"column":13},"end":{"line":10,"column":3}}},"fnMap":{},"branchMap":{},"s":{"0":2,"1":2,"2":2},"f":{},"b":{}}
}
