TN:
SF:src/controllers/auth.ts
FN:10,(anonymous_8)
FN:10,(anonymous_9)
FN:23,(anonymous_10)
FN:39,(anonymous_11)
FNF:4
FNH:4
FNDA:2,(anonymous_8)
FNDA:2,(anonymous_9)
FNDA:2,(anonymous_10)
FNDA:1,(anonymous_11)
DA:1,3
DA:10,3
DA:12,2
DA:15,2
DA:23,3
DA:25,2
DA:26,2
DA:28,2
DA:31,2
DA:39,3
DA:41,1
DA:42,1
DA:44,1
DA:45,1
LF:14
LH:14
BRDA:25,0,0,2
BRDA:25,0,1,0
BRDA:25,1,0,2
BRDA:25,1,1,2
BRDA:26,2,0,0
BRDA:41,3,0,1
BRDA:41,3,1,0
BRDA:41,4,0,1
BRDA:41,4,1,1
BRDA:42,5,0,0
BRF:10
BRH:6
end_of_record
TN:
SF:src/controllers/pdf.ts
FN:11,(anonymous_7)
FN:11,(anonymous_8)
FN:30,(anonymous_9)
FN:34,(anonymous_10)
FN:48,(anonymous_11)
FN:55,(anonymous_12)
FNF:6
FNH:6
FNDA:3,(anonymous_7)
FNDA:3,(anonymous_8)
FNDA:2,(anonymous_9)
FNDA:2,(anonymous_10)
FNDA:2,(anonymous_11)
FNDA:2,(anonymous_12)
DA:1,2
DA:11,3
DA:12,3
DA:14,1
DA:16,1
DA:18,1
DA:30,2
DA:34,2
DA:36,2
DA:38,2
DA:48,2
DA:55,2
DA:58,2
LF:13
LH:13
BRDA:12,0,0,1
BRDA:12,0,1,1
BRDA:12,0,2,1
BRF:3
BRH:3
end_of_record
TN:
SF:src/middlewares/errors.ts
FN:13,(anonymous_0)
FNF:1
FNH:1
FNDA:4,(anonymous_0)
DA:2,2
DA:13,2
DA:15,4
DA:18,4
DA:21,4
DA:28,4
DA:30,4
LF:7
LH:7
BRDA:15,0,0,4
BRDA:15,0,1,0
BRDA:15,1,0,4
BRDA:15,1,1,4
BRDA:28,2,0,3
BRDA:28,2,1,1
BRDA:28,3,0,4
BRDA:28,3,1,4
BRF:8
BRH:7
end_of_record
TN:
SF:src/middlewares/jwt.ts
FN:11,(anonymous_0)
FNF:1
FNH:1
FNDA:4,(anonymous_0)
DA:2,2
DA:3,2
DA:11,2
DA:13,4
DA:16,4
DA:17,2
DA:21,2
DA:23,2
DA:25,2
DA:27,1
DA:29,1
DA:34,1
LF:12
LH:12
BRDA:16,0,0,2
BRDA:16,1,0,4
BRDA:16,1,1,2
BRF:3
BRH:3
end_of_record
TN:
SF:src/middlewares/request.ts
FN:14,(anonymous_0)
FN:18,(anonymous_1)
FNF:2
FNH:1
FNDA:2,(anonymous_0)
FNDA:0,(anonymous_1)
DA:2,2
DA:3,2
DA:14,2
DA:15,2
DA:17,2
DA:18,1
DA:19,1
DA:20,1
LF:8
LH:8
BRDA:17,0,0,1
BRF:1
BRH:1
end_of_record
TN:
SF:src/middlewares/upload.ts
FNF:0
FNH:0
DA:1,2
DA:6,2
DA:11,2
LF:3
LH:3
BRF:0
BRH:0
end_of_record
TN:
SF:src/routes/auth.ts
FN:59,(anonymous_7)
FN:59,(anonymous_8)
FNF:2
FNH:2
FNDA:1,(anonymous_7)
FNDA:1,(anonymous_8)
DA:1,1
DA:2,1
DA:3,1
DA:4,1
DA:6,1
DA:59,1
DA:60,1
DA:62,1
DA:65,1
DA:68,1
DA:71,1
DA:74,1
DA:76,0
DA:138,1
LF:14
LH:13
BRF:0
BRH:0
end_of_record
TN:
SF:src/routes/pdf.ts
FN:53,(anonymous_7)
FN:53,(anonymous_8)
FNF:2
FNH:0
FNDA:0,(anonymous_7)
FNDA:0,(anonymous_8)
DA:1,1
DA:2,1
DA:3,1
DA:4,1
DA:5,1
DA:6,1
DA:8,1
DA:50,1
DA:53,0
DA:54,0
DA:56,0
DA:59,0
DA:62,0
DA:63,0
DA:64,0
DA:67,0
DA:68,0
DA:72,0
DA:73,0
DA:76,0
DA:79,0
DA:80,0
DA:81,0
DA:84,0
DA:87,0
DA:91,1
LF:26
LH:9
BRDA:62,0,0,0
BRDA:62,0,1,0
BRDA:63,1,0,0
BRDA:63,1,1,0
BRDA:67,2,0,0
BRDA:67,3,0,0
BRDA:67,3,1,0
BRF:7
BRH:0
end_of_record
TN:
SF:src/routes/root.ts
FN:34,(anonymous_0)
FNF:1
FNH:1
FNDA:1,(anonymous_0)
DA:1,1
DA:2,1
DA:4,1
DA:34,1
DA:35,1
DA:36,1
DA:40,1
LF:7
LH:7
BRF:0
BRH:0
end_of_record
TN:
SF:src/utils/config/server.ts
FNF:0
FNH:0
DA:1,1
DA:2,1
DA:3,1
DA:4,1
DA:5,1
DA:6,1
DA:7,1
DA:8,1
DA:9,1
DA:10,1
DA:11,1
DA:13,1
DA:15,1
DA:17,1
DA:18,1
DA:19,1
DA:21,1
DA:24,1
DA:27,1
DA:28,1
DA:31,1
DA:34,1
DA:36,1
LF:23
LH:23
BRF:0
BRH:0
end_of_record
TN:
SF:src/utils/config/swagger.ts
FNF:0
FNH:0
DA:1,2
DA:3,2
DA:26,2
DA:29,2
LF:4
LH:4
BRF:0
BRH:0
end_of_record
TN:
SF:src/utils/errors/ErrorClass.ts
FN:5,(anonymous_0)
FN:15,(anonymous_1)
FNF:2
FNH:2
FNDA:7,(anonymous_0)
FNDA:1,(anonymous_1)
DA:4,4
DA:6,7
DA:7,7
DA:14,4
DA:16,1
DA:17,1
LF:6
LH:6
BRF:0
BRH:0
end_of_record
TN:
SF:src/utils/wrappers/errors.ts
FN:8,(anonymous_0)
FNF:1
FNH:1
FNDA:10,(anonymous_0)
DA:8,10
LF:1
LH:1
BRDA:8,0,0,4
BRDA:8,1,0,4
BRF:2
BRH:2
end_of_record
TN:
SF:src/utils/wrappers/response.ts
FN:8,(anonymous_0)
FNF:1
FNH:1
FNDA:4,(anonymous_0)
DA:8,4
LF:1
LH:1
BRDA:8,0,0,2
BRDA:8,1,0,2
BRDA:11,2,0,3
BRDA:11,2,1,1
BRDA:12,3,0,3
BRDA:12,3,1,1
BRF:6
BRH:6
end_of_record
TN:
SF:src/validations/auth.ts
FNF:0
FNH:0
DA:1,2
DA:2,2
DA:7,2
LF:3
LH:3
BRF:0
BRH:0
end_of_record
TN:
SF:src/validations/pdf.ts
FNF:0
FNH:0
DA:1,2
DA:2,2
DA:7,2
LF:3
LH:3
BRF:0
BRH:0
end_of_record
